==========================================
CodeCampass 服务重启脚本
==========================================

1. 停止现有服务...
停止 Nginx 服务...

2. 启动后端服务...
✓ 后端服务已启动 (PID: 184798)

3. 启动 Nginx 服务...
✓ Nginx 服务已启动

4. 验证服务...
✓ 后端服务运行中
✓ Nginx 服务运行中

==========================================
服务重启完成！
==========================================

访问地址:
  前端: http://10.129.83.147
  Swagger: http://10.129.83.147/swagger/index.html

查看日志:
  后端: tail -f /tmp/codecampass-backend.log
  Nginx: sudo tail -f /var/log/nginx/error.log

